
> @repo/y-socket.io@1.1.3 build C:\Users\Ray\Desktop\ziphus-alpha\packages\y-socket.io
> tsup

[34mCLI[39m Building entry: src/index.ts, src/server/index.ts, src/server/server.ts
[34mCLI[39m Using tsconfig: tsconfig.json
[34mCLI[39m tsup v6.7.0
[34mCLI[39m Using tsup config: C:\Users\Ray\Desktop\ziphus-alpha\packages\y-socket.io\tsup.config.ts
[34mCLI[39m Target: es2018
[34mCLI[39m Cleaning output folder
[34mESM[39m Build start
[34mCJS[39m Build start
[32mESM[39m [1mdist\server\index.mjs       [22m[32m140.00 B[39m
[32mESM[39m [1mdist\index.mjs              [22m[32m14.18 KB[39m
[32mESM[39m [1mdist\chunk-OIGXCH6A.mjs     [22m[32m9.85 KB[39m
[32mESM[39m [1mdist\server\server.mjs      [22m[32m1.07 KB[39m
[32mESM[39m [1mdist\server\index.mjs.map   [22m[32m71.00 B[39m
[32mESM[39m [1mdist\index.mjs.map          [22m[32m26.42 KB[39m
[32mESM[39m [1mdist\server\server.mjs.map  [22m[32m3.34 KB[39m
[32mESM[39m [1mdist\chunk-OIGXCH6A.mjs.map [22m[32m19.38 KB[39m
[32mESM[39m ⚡️ Build success in 16ms
[32mCJS[39m [1mdist\index.js             [22m[32m15.31 KB[39m
[32mCJS[39m [1mdist\server\index.js      [22m[32m11.00 KB[39m
[32mCJS[39m [1mdist\server\server.js     [22m[32m11.69 KB[39m
[32mCJS[39m [1mdist\index.js.map         [22m[32m26.61 KB[39m
[32mCJS[39m [1mdist\server\server.js.map [22m[32m22.67 KB[39m
[32mCJS[39m [1mdist\server\index.js.map  [22m[32m19.64 KB[39m
[32mCJS[39m ⚡️ Build success in 16ms
[34mDTS[39m Build start
[32mDTS[39m ⚡️ Build success in 1255ms
[32mDTS[39m [1mdist\server\server.d.ts [22m[32m20.00 B[39m
[32mDTS[39m [1mdist\index.d.ts         [22m[32m10.88 KB[39m
[32mDTS[39m [1mdist\server\index.d.ts  [22m[32m8.62 KB[39m
